<?xml version="1.0" encoding="UTF-8"?>
<!-- Generated by org.testng.reporters.JUnitXMLReporter -->
<testsuite hostname="DESKTOP-TV7DPT6" ignored="1" name="Test OF Groups" tests="2" failures="0" timestamp="2021-02-22T12:25:02 IST" time="0.08" errors="0">
  <testcase name="tCase6" time="0.013" classname="tests.GroupMultiple1"/>
  <testcase name="tCase8" time="0.013" classname="tests.GroupMultiple1"/>
  <testcase name="tCase7" time="0.0" classname="tests.GroupMultiple1">
    <ignored/>
  </testcase> <!-- tCase7 -->
</testsuite> <!-- Test OF Groups -->
