<?xml version="1.0" encoding="UTF-8"?>
<testng-results skipped="0" failed="0" ignored="0" total="1" passed="1">
  <reporter-output>
  </reporter-output>
  <suite name="Default suite" duration-ms="69005" started-at="2021-03-08T16:27:31 IST" finished-at="2021-03-08T16:28:40 IST">
    <groups>
    </groups>
    <test name="Default test" duration-ms="69005" started-at="2021-03-08T16:27:31 IST" finished-at="2021-03-08T16:28:40 IST">
      <class name="tests.SwitchingWindows">
        <test-method status="PASS" signature="SetUp()[pri:0, instance:tests.SwitchingWindows@17d677df]" name="SetUp" is-config="true" duration-ms="39667" started-at="2021-03-08T16:27:31 IST" finished-at="2021-03-08T16:28:10 IST">
          <reporter-output>
          </reporter-output>
        </test-method> <!-- SetUp -->
        <test-method status="PASS" signature="multipleWindows()[pri:0, instance:tests.SwitchingWindows@17d677df]" name="multipleWindows" duration-ms="29291" started-at="2021-03-08T16:28:10 IST" finished-at="2021-03-08T16:28:40 IST">
          <reporter-output>
          </reporter-output>
        </test-method> <!-- multipleWindows -->
      </class> <!-- tests.SwitchingWindows -->
    </test> <!-- Default test -->
  </suite> <!-- Default suite -->
</testng-results>
