<?xml version="1.0" encoding="UTF-8"?>
<testng-results skipped="0" failed="0" ignored="0" total="2" passed="2">
  <reporter-output>
  </reporter-output>
  <suite name="Default suite" duration-ms="145916" started-at="2021-03-11T17:26:43 IST" finished-at="2021-03-11T17:29:09 IST">
    <groups>
    </groups>
    <test name="Default test" duration-ms="145916" started-at="2021-03-11T17:26:43 IST" finished-at="2021-03-11T17:29:09 IST">
      <class name="tests.Practice">
        <test-method status="PASS" signature="setup()[pri:0, instance:tests.Practice@17d677df]" name="setup" is-config="true" duration-ms="41755" started-at="2021-03-11T17:26:43 IST" finished-at="2021-03-11T17:27:25 IST">
          <reporter-output>
          </reporter-output>
        </test-method> <!-- setup -->
        <test-method status="PASS" signature="Test2()[pri:0, instance:tests.Practice@17d677df]" name="Test2" duration-ms="104085" started-at="2021-03-11T17:27:25 IST" finished-at="2021-03-11T17:29:09 IST">
          <reporter-output>
          </reporter-output>
        </test-method> <!-- Test2 -->
        <test-method status="PASS" signature="test1()[pri:0, instance:tests.Practice@17d677df]" name="test1" duration-ms="21" started-at="2021-03-11T17:29:09 IST" finished-at="2021-03-11T17:29:09 IST">
          <reporter-output>
          </reporter-output>
        </test-method> <!-- test1 -->
      </class> <!-- tests.Practice -->
    </test> <!-- Default test -->
  </suite> <!-- Default suite -->
</testng-results>
